2025-08-05 14:16:59,186 ERROR: Файл не найден: C:\Users\pha-z\Desktop\doc_generator_app\ui\tests OQ.xlsx
2025-08-05 14:17:01,098 ERROR: Файл не найден: C:\Users\pha-z\Desktop\doc_generator_app\ui\ПЕРЕЧЕНЬ ПРИБОРОВ OQ.xlsx
2025-08-07 07:48:15,271 ERROR: Файл не найден: C:\Users\pha-z\Desktop\doc_generator_app\ui\tests OQ.xlsx
2025-08-07 07:48:19,223 ERROR: Файл не найден: C:\Users\pha-z\Desktop\doc_generator_app\ui\ПЕРЕЧЕНЬ ПРИБОРОВ OQ.xlsx
2025-09-22 15:34:04,660 ERROR: Файл не найден: C:\Users\pha-z\Desktop\doc_generator_app\ui\tests OQ.xlsx
2026-01-18 14:23:21,609 DEBUG: Загружено тестов: 15 из tests OQ.xlsx
2026-01-18 14:23:21,644 DEBUG: [Оборудование] загружено 44 позиций
2026-01-18 14:23:21,655 DEBUG: [Преобразователи] загружено 66 позиций
2026-01-18 14:23:21,674 DEBUG: [Беспроводные измерители] загружено 143 позиций
2026-01-18 14:23:21,678 DEBUG: [СИ] загружено 11 позиций
2026-01-18 14:23:53,972 DEBUG: Загружено тестов: 15 из tests OQ.xlsx
2026-01-18 14:23:54,003 DEBUG: [Оборудование] загружено 44 позиций
2026-01-18 14:23:54,012 DEBUG: [Преобразователи] загружено 66 позиций
2026-01-18 14:23:54,027 DEBUG: [Беспроводные измерители] загружено 143 позиций
2026-01-18 14:23:54,031 DEBUG: [СИ] загружено 11 позиций
2026-01-18 14:26:11,977 DEBUG: Загружено тестов: 15 из tests OQ.xlsx
2026-01-18 14:26:12,009 DEBUG: [Оборудование] загружено 44 позиций
2026-01-18 14:26:12,017 DEBUG: [Преобразователи] загружено 66 позиций
2026-01-18 14:26:12,033 DEBUG: [Беспроводные измерители] загружено 143 позиций
2026-01-18 14:26:12,037 DEBUG: [СИ] загружено 11 позиций
